# JRE version: Java(TM) SE Runtime Environment (8.0_241-b07) (build 1.8.0_241-b07)
# Java VM: Java HotSpot(TM) Client VM (25.241-b07 mixed mode, sharing windows-x86 )
Heap:
 def new generation   total 78656K, used 78655K [0x04400000, 0x09950000, 0x09950000)
  eden space 69952K,  99% used [0x04400000, 0x0884fff0, 0x08850000)
  from space 8704K,  99% used [0x090d0000, 0x0994fff0, 0x09950000)
  to   space 8704K,   0% used [0x08850000, 0x08850000, 0x090d0000)
 tenured generation   total 174784K, used 174784K [0x09950000, 0x14400000, 0x14400000)
   the space 174784K, 100% used [0x09950000, 0x14400000, 0x14400000, 0x14400000)
 Metaspace       used 1112K, capacity 2528K, committed 2624K, reserved 4480K
GC Heap History (10 events):
Event: 41.321 GC heap before
{Heap before GC invocations=89 (full 83):
 def new generation   total 78656K, used 78656K [0x04400000, 0x09950000, 0x09950000)
  eden space 69952K, 100% used [0x04400000, 0x08850000, 0x08850000)
  from space 8704K, 100% used [0x090d0000, 0x09950000, 0x09950000)
  to   space 8704K,   0% used [0x08850000, 0x08850000, 0x090d0000)
 tenured generation   total 174784K, used 174783K [0x09950000, 0x14400000, 0x14400000)
   the space 174784K,  99% used [0x09950000, 0x143ffff8, 0x14400000, 0x14400000)
 Metaspace       used 1112K, capacity 2528K, committed 2624K, reserved 4480K
Event: 41.799 GC heap after
Heap after GC invocations=90 (full 84):
 def new generation   total 78656K, used 78655K [0x04400000, 0x09950000, 0x09950000)
  eden space 69952K,  99% used [0x04400000, 0x0884fff0, 0x08850000)
  from space 8704K,  99% used [0x090d0000, 0x0994ffc0, 0x09950000)
  to   space 8704K,   0% used [0x08850000, 0x08850000, 0x090d0000)
 tenured generation   total 174784K, used 174783K [0x09950000, 0x14400000, 0x14400000)
   the space 174784K,  99% used [0x09950000, 0x143fffe8, 0x14400000, 0x14400000)
 Metaspace       used 1112K, capacity 2528K, committed 2624K, reserved 4480K
}
Event: 41.799 GC heap before
{Heap before GC invocations=90 (full 84):
 def new generation   total 78656K, used 78656K [0x04400000, 0x09950000, 0x09950000)
  eden space 69952K, 100% used [0x04400000, 0x08850000, 0x08850000)
  from space 8704K, 100% used [0x090d0000, 0x09950000, 0x09950000)
  to   space 8704K,   0% used [0x08850000, 0x08850000, 0x090d0000)
 tenured generation   total 174784K, used 174784K [0x09950000, 0x14400000, 0x14400000)
   the space 174784K, 100% used [0x09950000, 0x14400000, 0x14400000, 0x14400000)
 Metaspace       used 1112K, capacity 2528K, committed 2624K, reserved 4480K
Event: 42.196 GC heap after
Heap after GC invocations=91 (full 85):
 def new generation   total 78656K, used 78656K [0x04400000, 0x09950000, 0x09950000)
  eden space 69952K, 100% used [0x04400000, 0x08850000, 0x08850000)
  from space 8704K, 100% used [0x090d0000, 0x09950000, 0x09950000)
  to   space 8704K,   0% used [0x08850000, 0x08850000, 0x090d0000)
 tenured generation   total 174784K, used 174784K [0x09950000, 0x14400000, 0x14400000)
   the space 174784K, 100% used [0x09950000, 0x14400000, 0x14400000, 0x14400000)
 Metaspace       used 1112K, capacity 2528K, committed 2624K, reserved 4480K
}
Event: 42.196 GC heap before
{Heap before GC invocations=91 (full 85):
 def new generation   total 78656K, used 78656K [0x04400000, 0x09950000, 0x09950000)
  eden space 69952K, 100% used [0x04400000, 0x08850000, 0x08850000)
  from space 8704K, 100% used [0x090d0000, 0x09950000, 0x09950000)
  to   space 8704K,   0% used [0x08850000, 0x08850000, 0x090d0000)
 tenured generation   total 174784K, used 174784K [0x09950000, 0x14400000, 0x14400000)
   the space 174784K, 100% used [0x09950000, 0x14400000, 0x14400000, 0x14400000)
 Metaspace       used 1112K, capacity 2528K, committed 2624K, reserved 4480K
Event: 42.582 GC heap after
Heap after GC invocations=92 (full 86):
 def new generation   total 78656K, used 78656K [0x04400000, 0x09950000, 0x09950000)
  eden space 69952K, 100% used [0x04400000, 0x08850000, 0x08850000)
  from space 8704K, 100% used [0x090d0000, 0x09950000, 0x09950000)
  to   space 8704K,   0% used [0x08850000, 0x08850000, 0x090d0000)
 tenured generation   total 174784K, used 174784K [0x09950000, 0x14400000, 0x14400000)
   the space 174784K, 100% used [0x09950000, 0x14400000, 0x14400000, 0x14400000)
 Metaspace       used 1112K, capacity 2528K, committed 2624K, reserved 4480K
}
Event: 42.582 GC heap before
{Heap before GC invocations=92 (full 86):
 def new generation   total 78656K, used 78656K [0x04400000, 0x09950000, 0x09950000)
  eden space 69952K, 100% used [0x04400000, 0x08850000, 0x08850000)
  from space 8704K, 100% used [0x090d0000, 0x09950000, 0x09950000)
  to   space 8704K,   0% used [0x08850000, 0x08850000, 0x090d0000)
 tenured generation   total 174784K, used 174784K [0x09950000, 0x14400000, 0x14400000)
   the space 174784K, 100% used [0x09950000, 0x14400000, 0x14400000, 0x14400000)
 Metaspace       used 1112K, capacity 2528K, committed 2624K, reserved 4480K
Event: 43.003 GC heap after
Heap after GC invocations=93 (full 87):
 def new generation   total 78656K, used 78655K [0x04400000, 0x09950000, 0x09950000)
  eden space 69952K,  99% used [0x04400000, 0x0884fff0, 0x08850000)
  from space 8704K,  99% used [0x090d0000, 0x0994fff0, 0x09950000)
  to   space 8704K,   0% used [0x08850000, 0x08850000, 0x090d0000)
 tenured generation   total 174784K, used 174784K [0x09950000, 0x14400000, 0x14400000)
   the space 174784K, 100% used [0x09950000, 0x14400000, 0x14400000, 0x14400000)
 Metaspace       used 1112K, capacity 2528K, committed 2624K, reserved 4480K
}
Event: 43.003 GC heap before
{Heap before GC invocations=93 (full 87):
 def new generation   total 78656K, used 78655K [0x04400000, 0x09950000, 0x09950000)
  eden space 69952K,  99% used [0x04400000, 0x0884fff0, 0x08850000)
  from space 8704K,  99% used [0x090d0000, 0x0994fff0, 0x09950000)
  to   space 8704K,   0% used [0x08850000, 0x08850000, 0x090d0000)
 tenured generation   total 174784K, used 174784K [0x09950000, 0x14400000, 0x14400000)
   the space 174784K, 100% used [0x09950000, 0x14400000, 0x14400000, 0x14400000)
 Metaspace       used 1112K, capacity 2528K, committed 2624K, reserved 4480K
Event: 43.439 GC heap after
Heap after GC invocations=94 (full 88):
 def new generation   total 78656K, used 78655K [0x04400000, 0x09950000, 0x09950000)
  eden space 69952K,  99% used [0x04400000, 0x0884fff0, 0x08850000)
  from space 8704K,  99% used [0x090d0000, 0x0994fff0, 0x09950000)
  to   space 8704K,   0% used [0x08850000, 0x08850000, 0x090d0000)
 tenured generation   total 174784K, used 174784K [0x09950000, 0x14400000, 0x14400000)
   the space 174784K, 100% used [0x09950000, 0x14400000, 0x14400000, 0x14400000)
 Metaspace       used 1112K, capacity 2528K, committed 2624K, reserved 4480K
}

